Created by PLY version 3.11 (http://www.dabeaz.com/ply)

Grammar

Rule 0     S' -> expression
Rule 1     expression -> expression PLUS expression
Rule 2     expression -> expression SPACE expression
Rule 3     expression -> expression MINUS expression
Rule 4     expression -> expression COMMA expression
Rule 5     expression -> KOnum
Rule 6     expression -> LPAREN expression RPAREN

Terminals, with rules where they appear

COMMA                : 4
KOnum                : 5
LPAREN               : 6
MINUS                : 3
PLUS                 : 1
RPAREN               : 6
SPACE                : 2
error                : 

Nonterminals, with rules where they appear

expression           : 1 1 2 2 3 3 4 4 6 0

Parsing method: LALR

state 0

    (0) S' -> . expression
    (1) expression -> . expression PLUS expression
    (2) expression -> . expression SPACE expression
    (3) expression -> . expression MINUS expression
    (4) expression -> . expression COMMA expression
    (5) expression -> . KOnum
    (6) expression -> . LPAREN expression RPAREN

    KOnum           shift and go to state 2
    LPAREN          shift and go to state 3

    expression                     shift and go to state 1

state 1

    (0) S' -> expression .
    (1) expression -> expression . PLUS expression
    (2) expression -> expression . SPACE expression
    (3) expression -> expression . MINUS expression
    (4) expression -> expression . COMMA expression

    PLUS            shift and go to state 4
    SPACE           shift and go to state 5
    MINUS           shift and go to state 6
    COMMA           shift and go to state 7


state 2

    (5) expression -> KOnum .

    PLUS            reduce using rule 5 (expression -> KOnum .)
    SPACE           reduce using rule 5 (expression -> KOnum .)
    MINUS           reduce using rule 5 (expression -> KOnum .)
    COMMA           reduce using rule 5 (expression -> KOnum .)
    $end            reduce using rule 5 (expression -> KOnum .)
    RPAREN          reduce using rule 5 (expression -> KOnum .)


state 3

    (6) expression -> LPAREN . expression RPAREN
    (1) expression -> . expression PLUS expression
    (2) expression -> . expression SPACE expression
    (3) expression -> . expression MINUS expression
    (4) expression -> . expression COMMA expression
    (5) expression -> . KOnum
    (6) expression -> . LPAREN expression RPAREN

    KOnum           shift and go to state 2
    LPAREN          shift and go to state 3

    expression                     shift and go to state 8

state 4

    (1) expression -> expression PLUS . expression
    (1) expression -> . expression PLUS expression
    (2) expression -> . expression SPACE expression
    (3) expression -> . expression MINUS expression
    (4) expression -> . expression COMMA expression
    (5) expression -> . KOnum
    (6) expression -> . LPAREN expression RPAREN

    KOnum           shift and go to state 2
    LPAREN          shift and go to state 3

    expression                     shift and go to state 9

state 5

    (2) expression -> expression SPACE . expression
    (1) expression -> . expression PLUS expression
    (2) expression -> . expression SPACE expression
    (3) expression -> . expression MINUS expression
    (4) expression -> . expression COMMA expression
    (5) expression -> . KOnum
    (6) expression -> . LPAREN expression RPAREN

    KOnum           shift and go to state 2
    LPAREN          shift and go to state 3

    expression                     shift and go to state 10

state 6

    (3) expression -> expression MINUS . expression
    (1) expression -> . expression PLUS expression
    (2) expression -> . expression SPACE expression
    (3) expression -> . expression MINUS expression
    (4) expression -> . expression COMMA expression
    (5) expression -> . KOnum
    (6) expression -> . LPAREN expression RPAREN

    KOnum           shift and go to state 2
    LPAREN          shift and go to state 3

    expression                     shift and go to state 11

state 7

    (4) expression -> expression COMMA . expression
    (1) expression -> . expression PLUS expression
    (2) expression -> . expression SPACE expression
    (3) expression -> . expression MINUS expression
    (4) expression -> . expression COMMA expression
    (5) expression -> . KOnum
    (6) expression -> . LPAREN expression RPAREN

    KOnum           shift and go to state 2
    LPAREN          shift and go to state 3

    expression                     shift and go to state 12

state 8

    (6) expression -> LPAREN expression . RPAREN
    (1) expression -> expression . PLUS expression
    (2) expression -> expression . SPACE expression
    (3) expression -> expression . MINUS expression
    (4) expression -> expression . COMMA expression

    RPAREN          shift and go to state 13
    PLUS            shift and go to state 4
    SPACE           shift and go to state 5
    MINUS           shift and go to state 6
    COMMA           shift and go to state 7


state 9

    (1) expression -> expression PLUS expression .
    (1) expression -> expression . PLUS expression
    (2) expression -> expression . SPACE expression
    (3) expression -> expression . MINUS expression
    (4) expression -> expression . COMMA expression

    PLUS            reduce using rule 1 (expression -> expression PLUS expression .)
    SPACE           reduce using rule 1 (expression -> expression PLUS expression .)
    MINUS           reduce using rule 1 (expression -> expression PLUS expression .)
    COMMA           reduce using rule 1 (expression -> expression PLUS expression .)
    $end            reduce using rule 1 (expression -> expression PLUS expression .)
    RPAREN          reduce using rule 1 (expression -> expression PLUS expression .)

  ! PLUS            [ shift and go to state 4 ]
  ! SPACE           [ shift and go to state 5 ]
  ! MINUS           [ shift and go to state 6 ]
  ! COMMA           [ shift and go to state 7 ]


state 10

    (2) expression -> expression SPACE expression .
    (1) expression -> expression . PLUS expression
    (2) expression -> expression . SPACE expression
    (3) expression -> expression . MINUS expression
    (4) expression -> expression . COMMA expression

    SPACE           reduce using rule 2 (expression -> expression SPACE expression .)
    $end            reduce using rule 2 (expression -> expression SPACE expression .)
    RPAREN          reduce using rule 2 (expression -> expression SPACE expression .)
    PLUS            shift and go to state 4
    MINUS           shift and go to state 6
    COMMA           shift and go to state 7

  ! PLUS            [ reduce using rule 2 (expression -> expression SPACE expression .) ]
  ! MINUS           [ reduce using rule 2 (expression -> expression SPACE expression .) ]
  ! COMMA           [ reduce using rule 2 (expression -> expression SPACE expression .) ]
  ! SPACE           [ shift and go to state 5 ]


state 11

    (3) expression -> expression MINUS expression .
    (1) expression -> expression . PLUS expression
    (2) expression -> expression . SPACE expression
    (3) expression -> expression . MINUS expression
    (4) expression -> expression . COMMA expression

    PLUS            reduce using rule 3 (expression -> expression MINUS expression .)
    SPACE           reduce using rule 3 (expression -> expression MINUS expression .)
    MINUS           reduce using rule 3 (expression -> expression MINUS expression .)
    COMMA           reduce using rule 3 (expression -> expression MINUS expression .)
    $end            reduce using rule 3 (expression -> expression MINUS expression .)
    RPAREN          reduce using rule 3 (expression -> expression MINUS expression .)

  ! PLUS            [ shift and go to state 4 ]
  ! SPACE           [ shift and go to state 5 ]
  ! MINUS           [ shift and go to state 6 ]
  ! COMMA           [ shift and go to state 7 ]


state 12

    (4) expression -> expression COMMA expression .
    (1) expression -> expression . PLUS expression
    (2) expression -> expression . SPACE expression
    (3) expression -> expression . MINUS expression
    (4) expression -> expression . COMMA expression

    SPACE           reduce using rule 4 (expression -> expression COMMA expression .)
    COMMA           reduce using rule 4 (expression -> expression COMMA expression .)
    $end            reduce using rule 4 (expression -> expression COMMA expression .)
    RPAREN          reduce using rule 4 (expression -> expression COMMA expression .)
    PLUS            shift and go to state 4
    MINUS           shift and go to state 6

  ! PLUS            [ reduce using rule 4 (expression -> expression COMMA expression .) ]
  ! MINUS           [ reduce using rule 4 (expression -> expression COMMA expression .) ]
  ! SPACE           [ shift and go to state 5 ]
  ! COMMA           [ shift and go to state 7 ]


state 13

    (6) expression -> LPAREN expression RPAREN .

    PLUS            reduce using rule 6 (expression -> LPAREN expression RPAREN .)
    SPACE           reduce using rule 6 (expression -> LPAREN expression RPAREN .)
    MINUS           reduce using rule 6 (expression -> LPAREN expression RPAREN .)
    COMMA           reduce using rule 6 (expression -> LPAREN expression RPAREN .)
    $end            reduce using rule 6 (expression -> LPAREN expression RPAREN .)
    RPAREN          reduce using rule 6 (expression -> LPAREN expression RPAREN .)

